{"/Users/GQSM/Documents/Code/itHelp/2020/Day18/src/component/Counter/Counter.jsx": {"path":"/Users/GQSM/Documents/Code/itHelp/2020/Day18/src/component/Counter/Counter.jsx","statementMap":{"0":{"start":{"line":3,"column":16},"end":{"line":19,"column":1}},"1":{"start":{"line":4,"column":28},"end":{"line":4,"column":39}},"2":{"start":{"line":5,"column":2},"end":{"line":18,"column":4}},"3":{"start":{"line":12,"column":25},"end":{"line":12,"column":45}}},"fnMap":{"0":{"name":"(anonymous_0)","decl":{"start":{"line":3,"column":16},"end":{"line":3,"column":17}},"loc":{"start":{"line":3,"column":22},"end":{"line":19,"column":1}},"line":3},"1":{"name":"(anonymous_1)","decl":{"start":{"line":12,"column":17},"end":{"line":12,"column":18}},"loc":{"start":{"line":12,"column":23},"end":{"line":12,"column":47}},"line":12}},"branchMap":{},"s":{"0":1,"1":3,"2":3,"3":1},"f":{"0":3,"1":1},"b":{},"_coverageSchema":"43e27e138ebf9cfc5966b082cf9a028302ed4184","hash":"b42a72948891bd45d445721143b962246d05206d"}
,"/Users/GQSM/Documents/Code/itHelp/2020/Day18/src/component/Counter/index.js": {"path":"/Users/GQSM/Documents/Code/itHelp/2020/Day18/src/component/Counter/index.js","statementMap":{},"fnMap":{},"branchMap":{},"s":{},"f":{},"b":{},"_coverageSchema":"43e27e138ebf9cfc5966b082cf9a028302ed4184","hash":"681047791ad5efc3cc2066600a8f46cadb8d0c92"}
,"/Users/GQSM/Documents/Code/itHelp/2020/Day18/src/utils/car.js": {"path":"/Users/GQSM/Documents/Code/itHelp/2020/Day18/src/utils/car.js","statementMap":{"0":{"start":{"line":4,"column":19},"end":{"line":4,"column":21}},"1":{"start":{"line":6,"column":12},"end":{"line":15,"column":1}},"2":{"start":{"line":8,"column":23},"end":{"line":8,"column":33}},"3":{"start":{"line":11,"column":20},"end":{"line":11,"column":44}},"4":{"start":{"line":12,"column":4},"end":{"line":12,"column":46}},"5":{"start":{"line":13,"column":4},"end":{"line":13,"column":19}}},"fnMap":{"0":{"name":"(anonymous_0)","decl":{"start":{"line":8,"column":17},"end":{"line":8,"column":18}},"loc":{"start":{"line":8,"column":23},"end":{"line":8,"column":33}},"line":8},"1":{"name":"(anonymous_1)","decl":{"start":{"line":10,"column":16},"end":{"line":10,"column":17}},"loc":{"start":{"line":10,"column":33},"end":{"line":14,"column":3}},"line":10}},"branchMap":{},"s":{"0":1,"1":1,"2":1,"3":1,"4":1,"5":1},"f":{"0":1,"1":1},"b":{},"_coverageSchema":"43e27e138ebf9cfc5966b082cf9a028302ed4184","hash":"f954284cb6850628026a1c22e323d69ca2e9f92e"}
}
