{"/Users/GQSM/Documents/Code/itHelp/2020/Day20/src/action/todolist.js": {"path":"/Users/GQSM/Documents/Code/itHelp/2020/Day20/src/action/todolist.js","statementMap":{"0":{"start":{"line":1,"column":24},"end":{"line":1,"column":34}},"1":{"start":{"line":3,"column":23},"end":{"line":8,"column":2}},"2":{"start":{"line":3,"column":32},"end":{"line":8,"column":1}},"3":{"start":{"line":10,"column":32},"end":{"line":10,"column":50}},"4":{"start":{"line":11,"column":30},"end":{"line":13,"column":2}},"5":{"start":{"line":11,"column":37},"end":{"line":13,"column":1}},"6":{"start":{"line":15,"column":34},"end":{"line":15,"column":54}},"7":{"start":{"line":17,"column":32},"end":{"line":22,"column":2}},"8":{"start":{"line":17,"column":41},"end":{"line":22,"column":1}}},"fnMap":{"0":{"name":"(anonymous_0)","decl":{"start":{"line":3,"column":23},"end":{"line":3,"column":24}},"loc":{"start":{"line":3,"column":32},"end":{"line":8,"column":1}},"line":3},"1":{"name":"(anonymous_1)","decl":{"start":{"line":11,"column":30},"end":{"line":11,"column":31}},"loc":{"start":{"line":11,"column":37},"end":{"line":13,"column":1}},"line":11},"2":{"name":"(anonymous_2)","decl":{"start":{"line":17,"column":32},"end":{"line":17,"column":33}},"loc":{"start":{"line":17,"column":41},"end":{"line":22,"column":1}},"line":17}},"branchMap":{},"s":{"0":3,"1":3,"2":0,"3":3,"4":3,"5":1,"6":3,"7":3,"8":3},"f":{"0":0,"1":1,"2":3},"b":{},"_coverageSchema":"43e27e138ebf9cfc5966b082cf9a028302ed4184","hash":"968b4949830e506717af164925dd9d15f4c48997"}
,"/Users/GQSM/Documents/Code/itHelp/2020/Day20/src/api/content.js": {"path":"/Users/GQSM/Documents/Code/itHelp/2020/Day20/src/api/content.js","statementMap":{"0":{"start":{"line":1,"column":26},"end":{"line":4,"column":1}},"1":{"start":{"line":2,"column":2},"end":{"line":3,"column":38}},"2":{"start":{"line":3,"column":22},"end":{"line":3,"column":37}}},"fnMap":{"0":{"name":"(anonymous_0)","decl":{"start":{"line":1,"column":26},"end":{"line":1,"column":27}},"loc":{"start":{"line":2,"column":2},"end":{"line":3,"column":38}},"line":2},"1":{"name":"(anonymous_1)","decl":{"start":{"line":3,"column":10},"end":{"line":3,"column":11}},"loc":{"start":{"line":3,"column":22},"end":{"line":3,"column":37}},"line":3}},"branchMap":{},"s":{"0":1,"1":0,"2":0},"f":{"0":0,"1":0},"b":{},"_coverageSchema":"43e27e138ebf9cfc5966b082cf9a028302ed4184","hash":"1cc40ffdb001cf4a275998d16c4082a789a37d95"}
,"/Users/GQSM/Documents/Code/itHelp/2020/Day20/src/component/Content/Content.jsx": {"path":"/Users/GQSM/Documents/Code/itHelp/2020/Day20/src/component/Content/Content.jsx","statementMap":{"0":{"start":{"line":5,"column":16},"end":{"line":22,"column":1}},"1":{"start":{"line":6,"column":19},"end":{"line":6,"column":32}},"2":{"start":{"line":7,"column":15},"end":{"line":7,"column":47}},"3":{"start":{"line":7,"column":36},"end":{"line":7,"column":46}},"4":{"start":{"line":8,"column":2},"end":{"line":21,"column":4}},"5":{"start":{"line":15,"column":25},"end":{"line":15,"column":52}}},"fnMap":{"0":{"name":"(anonymous_0)","decl":{"start":{"line":5,"column":16},"end":{"line":5,"column":17}},"loc":{"start":{"line":5,"column":22},"end":{"line":22,"column":1}},"line":5},"1":{"name":"(anonymous_1)","decl":{"start":{"line":7,"column":27},"end":{"line":7,"column":28}},"loc":{"start":{"line":7,"column":36},"end":{"line":7,"column":46}},"line":7},"2":{"name":"(anonymous_2)","decl":{"start":{"line":15,"column":17},"end":{"line":15,"column":18}},"loc":{"start":{"line":15,"column":23},"end":{"line":15,"column":54}},"line":15}},"branchMap":{"0":{"loc":{"start":{"line":11,"column":9},"end":{"line":11,"column":45}},"type":"cond-expr","locations":[{"start":{"line":11,"column":16},"end":{"line":11,"column":36}},{"start":{"line":11,"column":39},"end":{"line":11,"column":45}}],"line":11}},"s":{"0":1,"1":3,"2":3,"3":6,"4":3,"5":1},"f":{"0":3,"1":6,"2":1},"b":{"0":[3,0]},"_coverageSchema":"43e27e138ebf9cfc5966b082cf9a028302ed4184","hash":"b5ce45d5fbfa8ab0c6191cf52df19ca37d1bb1ca"}
,"/Users/GQSM/Documents/Code/itHelp/2020/Day20/src/component/Content/index.js": {"path":"/Users/GQSM/Documents/Code/itHelp/2020/Day20/src/component/Content/index.js","statementMap":{},"fnMap":{},"branchMap":{},"s":{},"f":{},"b":{},"_coverageSchema":"43e27e138ebf9cfc5966b082cf9a028302ed4184","hash":"aee5267fd2ce4b80fad81d5bffa70519e6668f15"}
,"/Users/GQSM/Documents/Code/itHelp/2020/Day20/src/component/Counter/Counter.jsx": {"path":"/Users/GQSM/Documents/Code/itHelp/2020/Day20/src/component/Counter/Counter.jsx","statementMap":{"0":{"start":{"line":3,"column":16},"end":{"line":19,"column":1}},"1":{"start":{"line":4,"column":28},"end":{"line":4,"column":39}},"2":{"start":{"line":5,"column":2},"end":{"line":18,"column":4}},"3":{"start":{"line":12,"column":25},"end":{"line":12,"column":45}}},"fnMap":{"0":{"name":"(anonymous_0)","decl":{"start":{"line":3,"column":16},"end":{"line":3,"column":17}},"loc":{"start":{"line":3,"column":22},"end":{"line":19,"column":1}},"line":3},"1":{"name":"(anonymous_1)","decl":{"start":{"line":12,"column":17},"end":{"line":12,"column":18}},"loc":{"start":{"line":12,"column":23},"end":{"line":12,"column":47}},"line":12}},"branchMap":{},"s":{"0":1,"1":3,"2":3,"3":1},"f":{"0":3,"1":1},"b":{},"_coverageSchema":"43e27e138ebf9cfc5966b082cf9a028302ed4184","hash":"1d73aa0e0e2c61005c49ef482f089da98dae96c4"}
,"/Users/GQSM/Documents/Code/itHelp/2020/Day20/src/component/Counter/index.js": {"path":"/Users/GQSM/Documents/Code/itHelp/2020/Day20/src/component/Counter/index.js","statementMap":{},"fnMap":{},"branchMap":{},"s":{},"f":{},"b":{},"_coverageSchema":"43e27e138ebf9cfc5966b082cf9a028302ed4184","hash":"009be6c7facb13c9dfb11b455d08c20c18c5bf94"}
,"/Users/GQSM/Documents/Code/itHelp/2020/Day20/src/reducer/todolist.js": {"path":"/Users/GQSM/Documents/Code/itHelp/2020/Day20/src/reducer/todolist.js","statementMap":{"0":{"start":{"line":3,"column":18},"end":{"line":6,"column":1}},"1":{"start":{"line":8,"column":20},"end":{"line":26,"column":1}},"2":{"start":{"line":9,"column":2},"end":{"line":25,"column":3}},"3":{"start":{"line":11,"column":6},"end":{"line":17,"column":8}},"4":{"start":{"line":19,"column":6},"end":{"line":22,"column":8}},"5":{"start":{"line":24,"column":6},"end":{"line":24,"column":19}}},"fnMap":{"0":{"name":"(anonymous_0)","decl":{"start":{"line":8,"column":20},"end":{"line":8,"column":21}},"loc":{"start":{"line":8,"column":51},"end":{"line":26,"column":1}},"line":8}},"branchMap":{"0":{"loc":{"start":{"line":8,"column":21},"end":{"line":8,"column":38}},"type":"default-arg","locations":[{"start":{"line":8,"column":29},"end":{"line":8,"column":38}}],"line":8},"1":{"loc":{"start":{"line":9,"column":2},"end":{"line":25,"column":3}},"type":"switch","locations":[{"start":{"line":10,"column":4},"end":{"line":17,"column":8}},{"start":{"line":18,"column":4},"end":{"line":22,"column":8}},{"start":{"line":23,"column":4},"end":{"line":24,"column":19}}],"line":9}},"s":{"0":2,"1":2,"2":4,"3":0,"4":1,"5":3},"f":{"0":4},"b":{"0":[2],"1":[0,1,3]},"_coverageSchema":"43e27e138ebf9cfc5966b082cf9a028302ed4184","hash":"2b5a9667063c9b04d20bc25ad025c3f28d2087c7"}
,"/Users/GQSM/Documents/Code/itHelp/2020/Day20/src/sagas/content.js": {"path":"/Users/GQSM/Documents/Code/itHelp/2020/Day20/src/sagas/content.js","statementMap":{"0":{"start":{"line":6,"column":15},"end":{"line":6,"column":37}},"1":{"start":{"line":7,"column":2},"end":{"line":7,"column":36}},"2":{"start":{"line":11,"column":2},"end":{"line":11,"column":47}}},"fnMap":{"0":{"name":"fetchData","decl":{"start":{"line":5,"column":17},"end":{"line":5,"column":26}},"loc":{"start":{"line":5,"column":29},"end":{"line":8,"column":1}},"line":5},"1":{"name":"mySaga","decl":{"start":{"line":10,"column":10},"end":{"line":10,"column":16}},"loc":{"start":{"line":10,"column":19},"end":{"line":12,"column":1}},"line":10}},"branchMap":{},"s":{"0":1,"1":1,"2":0},"f":{"0":1,"1":0},"b":{},"_coverageSchema":"43e27e138ebf9cfc5966b082cf9a028302ed4184","hash":"288e1705005417ba230e73a1e3e1626604deec98"}
,"/Users/GQSM/Documents/Code/itHelp/2020/Day20/src/utils/car.js": {"path":"/Users/GQSM/Documents/Code/itHelp/2020/Day20/src/utils/car.js","statementMap":{"0":{"start":{"line":4,"column":19},"end":{"line":4,"column":21}},"1":{"start":{"line":6,"column":12},"end":{"line":15,"column":1}},"2":{"start":{"line":8,"column":23},"end":{"line":8,"column":33}},"3":{"start":{"line":11,"column":20},"end":{"line":11,"column":44}},"4":{"start":{"line":12,"column":4},"end":{"line":12,"column":46}},"5":{"start":{"line":13,"column":4},"end":{"line":13,"column":19}}},"fnMap":{"0":{"name":"(anonymous_0)","decl":{"start":{"line":8,"column":17},"end":{"line":8,"column":18}},"loc":{"start":{"line":8,"column":23},"end":{"line":8,"column":33}},"line":8},"1":{"name":"(anonymous_1)","decl":{"start":{"line":10,"column":16},"end":{"line":10,"column":17}},"loc":{"start":{"line":10,"column":33},"end":{"line":14,"column":3}},"line":10}},"branchMap":{},"s":{"0":1,"1":1,"2":1,"3":1,"4":1,"5":1},"f":{"0":1,"1":1},"b":{},"_coverageSchema":"43e27e138ebf9cfc5966b082cf9a028302ed4184","hash":"daac1c1d5067f6471973093cb11b86522b1792a1"}
}
