TN:
SF:/Users/GQSM/Documents/Code/itHelp/2020/Day20/src/action/todolist.js
FN:3,(anonymous_0)
FN:11,(anonymous_1)
FN:17,(anonymous_2)
FNF:3
FNH:2
FNDA:0,(anonymous_0)
FNDA:1,(anonymous_1)
FNDA:3,(anonymous_2)
DA:1,3
DA:3,3
DA:10,3
DA:11,3
DA:15,3
DA:17,3
LF:6
LH:6
BRF:0
BRH:0
end_of_record
TN:
SF:/Users/GQSM/Documents/Code/itHelp/2020/Day20/src/api/content.js
FN:1,(anonymous_0)
FN:3,(anonymous_1)
FNF:2
FNH:0
FNDA:0,(anonymous_0)
FNDA:0,(anonymous_1)
DA:1,1
DA:2,0
DA:3,0
LF:3
LH:1
BRF:0
BRH:0
end_of_record
TN:
SF:/Users/GQSM/Documents/Code/itHelp/2020/Day20/src/component/Content/Content.jsx
FN:5,(anonymous_0)
FN:7,(anonymous_1)
FN:15,(anonymous_2)
FNF:3
FNH:3
FNDA:3,(anonymous_0)
FNDA:6,(anonymous_1)
FNDA:1,(anonymous_2)
DA:5,1
DA:6,3
DA:7,6
DA:8,3
DA:15,1
LF:5
LH:5
BRDA:11,0,0,3
BRDA:11,0,1,0
BRF:2
BRH:1
end_of_record
TN:
SF:/Users/GQSM/Documents/Code/itHelp/2020/Day20/src/component/Content/index.js
FNF:0
FNH:0
LF:0
LH:0
BRF:0
BRH:0
end_of_record
TN:
SF:/Users/GQSM/Documents/Code/itHelp/2020/Day20/src/component/Counter/Counter.jsx
FN:3,(anonymous_0)
FN:12,(anonymous_1)
FNF:2
FNH:2
FNDA:3,(anonymous_0)
FNDA:1,(anonymous_1)
DA:3,1
DA:4,3
DA:5,3
DA:12,1
LF:4
LH:4
BRF:0
BRH:0
end_of_record
TN:
SF:/Users/GQSM/Documents/Code/itHelp/2020/Day20/src/component/Counter/index.js
FNF:0
FNH:0
LF:0
LH:0
BRF:0
BRH:0
end_of_record
TN:
SF:/Users/GQSM/Documents/Code/itHelp/2020/Day20/src/reducer/todolist.js
FN:8,(anonymous_0)
FNF:1
FNH:1
FNDA:4,(anonymous_0)
DA:3,2
DA:8,2
DA:9,4
DA:11,0
DA:19,1
DA:24,3
LF:6
LH:5
BRDA:8,0,0,2
BRDA:9,1,0,0
BRDA:9,1,1,1
BRDA:9,1,2,3
BRF:4
BRH:3
end_of_record
TN:
SF:/Users/GQSM/Documents/Code/itHelp/2020/Day20/src/sagas/content.js
FN:5,fetchData
FN:10,mySaga
FNF:2
FNH:1
FNDA:1,fetchData
FNDA:0,mySaga
DA:6,1
DA:7,1
DA:11,0
LF:3
LH:2
BRF:0
BRH:0
end_of_record
TN:
SF:/Users/GQSM/Documents/Code/itHelp/2020/Day20/src/utils/car.js
FN:8,(anonymous_0)
FN:10,(anonymous_1)
FNF:2
FNH:2
FNDA:1,(anonymous_0)
FNDA:1,(anonymous_1)
DA:4,1
DA:6,1
DA:8,1
DA:11,1
DA:12,1
DA:13,1
LF:6
LH:6
BRF:0
BRH:0
end_of_record
